<?xml version="1.0" encoding="UTF-8"?>
<!-- Generated by org.testng.reporters.JUnitReportReporter -->
<testsuite hostname="Fatema-Kassim" failures="0" tests="1" name="trial" time="5.863" errors="0" timestamp="2025-05-19T14:32:32 GST" skipped="0">
  <testcase classname="trial" name="datepicker" time="5.863"/>
</testsuite> <!-- trial -->
