<?xml version="1.0" encoding="UTF-8"?>
<!-- Generated by org.testng.reporters.JUnitReportReporter -->
<testsuite hostname="Fatema-Kassim" failures="0" tests="1" name="FlightBooking" time="81.061" errors="0" timestamp="2025-05-22T14:56:29 GST" skipped="0">
  <testcase classname="FlightBooking" name="bookFlight" time="81.061"/>
</testsuite> <!-- FlightBooking -->
