<?xml version="1.0" encoding="UTF-8"?>
<!-- Generated by org.testng.reporters.JUnitReportReporter -->
<testsuite hostname="Fatema-Kassim" failures="0" tests="1" name="FlightBooking" time="41.893" errors="0" timestamp="2025-04-30T18:21:14 GST" skipped="0">
  <testcase classname="FlightBooking" name="bookFlight" time="41.893"/>
</testsuite> <!-- FlightBooking -->
