<?xml version="1.0" encoding="UTF-8"?>
<!-- Generated by org.testng.reporters.JUnitReportReporter -->
<testsuite hostname="Fatema-Kassim" failures="0" tests="1" name="FlightBooking" time="20.938" errors="0" timestamp="2025-04-17T14:38:01 GST" skipped="0">
  <testcase classname="FlightBooking" name="bookFlight" time="20.938"/>
</testsuite> <!-- FlightBooking -->
