<?xml version="1.0" encoding="UTF-8"?>
<!-- Generated by org.testng.reporters.JUnitReportReporter -->
<testsuite hostname="Fatema-Kassim" failures="0" tests="1" name="FlightBooking" time="42.721" errors="0" timestamp="2025-04-29T19:12:55 GST" skipped="0">
  <testcase classname="FlightBooking" name="bookFlight" time="42.721"/>
</testsuite> <!-- FlightBooking -->
